Arguments: 
  /home/wellen/.nvm/versions/node/v16.15.0/bin/node /usr/local/bin/yarn

PATH: 
  /home/wellen/.vscode-server/bin/8dfae7a5cd50421d10cd99cb873990460525a898/bin/remote-cli:/home/wellen/.nvm/versions/node/v16.15.0/bin:/usr/local/sbin:/usr/local/bin:/usr/sbin:/usr/bin:/sbin:/bin:/usr/games:/usr/local/games:/usr/lib/wsl/lib:/mnt/c/Windows/system32:/mnt/c/Windows:/mnt/c/Windows/System32/Wbem:/mnt/c/Windows/System32/WindowsPowerShell/v1.0/:/mnt/c/Windows/System32/OpenSSH/:/mnt/c/Program Files (x86)/NVIDIA Corporation/PhysX/Common:/mnt/c/Program Files/nodejs/:/mnt/c/Program Files/Git/cmd:/mnt/c/WINDOWS/system32:/mnt/c/WINDOWS:/mnt/c/WINDOWS/System32/Wbem:/mnt/c/WINDOWS/System32/WindowsPowerShell/v1.0/:/mnt/c/WINDOWS/System32/OpenSSH/:/mnt/d/platform-tools:/mnt/c/Program Files (x86)/Tencent/微信web开发者工具/dll:/mnt/c/Users/Admin/AppData/Local/Microsoft/WindowsApps:/mnt/c/Users/Admin/AppData/Local/Programs/Microsoft VS Code/bin:/mnt/c/Users/Admin/AppData/Roaming/npm:/mnt/d/flutter/bin

Yarn version: 
  1.22.10

Node version: 
  16.15.0

Platform: 
  linux x64

Trace: 
  Error: https://registry.yarnpkg.com/rollup/-/rollup-2.71.0.tgz: ETIMEDOUT
      at Timeout._onTimeout (/usr/local/lib/node_modules/yarn/lib/cli.js:141322:19)
      at listOnTimeout (node:internal/timers:559:17)
      at processTimers (node:internal/timers:502:7)

npm manifest: 
  {
    "name": "uni-preset-vue",
    "version": "0.0.0",
    "scripts": {
      "dev:app": "uni -p app",
      "dev:custom": "uni -p",
      "dev:h5": "uni",
      "dev:h5:ssr": "uni --ssr",
      "dev:mp-alipay": "uni -p mp-alipay",
      "dev:mp-baidu": "uni -p mp-baidu",
      "dev:mp-kuaishou": "uni -p mp-kuaishou",
      "dev:mp-lark": "uni -p mp-lark",
      "dev:mp-qq": "uni -p mp-qq",
      "dev:mp-toutiao": "uni -p mp-toutiao",
      "dev:mp-weixin": "uni -p mp-weixin",
      "dev:quickapp-webview": "uni -p quickapp-webview",
      "dev:quickapp-webview-huawei": "uni -p quickapp-webview-huawei",
      "dev:quickapp-webview-union": "uni -p quickapp-webview-union",
      "build:app": "uni build -p app",
      "build:custom": "uni build -p",
      "build:h5": "uni build",
      "build:h5:ssr": "uni build --ssr",
      "build:mp-alipay": "uni build -p mp-alipay",
      "build:mp-baidu": "uni build -p mp-baidu",
      "build:mp-kuaishou": "uni build -p mp-kuaishou",
      "build:mp-lark": "uni build -p mp-lark",
      "build:mp-qq": "uni build -p mp-qq",
      "build:mp-toutiao": "uni build -p mp-toutiao",
      "build:mp-weixin": "uni build -p mp-weixin",
      "build:quickapp-webview": "uni build -p quickapp-webview",
      "build:quickapp-webview-huawei": "uni build -p quickapp-webview-huawei",
      "build:quickapp-webview-union": "uni build -p quickapp-webview-union"
    },
    "dependencies": {
      "@dcloudio/uni-app": "3.0.0-alpha-3040820220424001",
      "@dcloudio/uni-app-plus": "3.0.0-alpha-3040820220424001",
      "@dcloudio/uni-components": "3.0.0-alpha-3040820220424001",
      "@dcloudio/uni-h5": "3.0.0-alpha-3040820220424001",
      "@dcloudio/uni-mp-alipay": "3.0.0-alpha-3040820220424001",
      "@dcloudio/uni-mp-baidu": "3.0.0-alpha-3040820220424001",
      "@dcloudio/uni-mp-kuaishou": "3.0.0-alpha-3040820220424001",
      "@dcloudio/uni-mp-lark": "3.0.0-alpha-3040820220424001",
      "@dcloudio/uni-mp-qq": "3.0.0-alpha-3040820220424001",
      "@dcloudio/uni-mp-toutiao": "3.0.0-alpha-3040820220424001",
      "@dcloudio/uni-mp-weixin": "3.0.0-alpha-3040820220424001",
      "@dcloudio/uni-quickapp-webview": "3.0.0-alpha-3040820220424001",
      "vue": "^3.2.33",
      "vue-i18n": "^9.1.9",
      "vuex": "^4.0.2"
    },
    "devDependencies": {
      "@dcloudio/types": "^2.6.4",
      "@dcloudio/uni-automator": "3.0.0-alpha-3040820220424001",
      "@dcloudio/uni-cli-shared": "3.0.0-alpha-3040820220424001",
      "@dcloudio/vite-plugin-uni": "3.0.0-alpha-3040820220424001",
      "typescript": "^4.6.3",
      "vite": "^2.9.6"
    }
  }

yarn manifest: 
  No manifest

Lockfile: 
  No lockfile
